<?xml version="1.0" encoding="UTF-8" standalone="no"?>
<!DOCTYPE log SYSTEM "logger.dtd">
<log>
<record>
  <date>2019-03-27T09:41:51</date>
  <millis>1553690511608</millis>
  <sequence>0</sequence>
  <level>START</level>
  <class>com.kms.katalon.core.logging.XmlKeywordLogger</class>
  <method>startSuite</method>
  <thread>1</thread>
  <message>Start Test Suite : Test Suites/Regression BackOffice/Regression BackOffice</message>
  <nestedLevel>0</nestedLevel>
  <property name="name">Regression BackOffice</property>
  <property name="description"></property>
  <property name="id">Test Suites/Regression BackOffice/Regression BackOffice</property>
</record>
<record>
  <date>2019-03-27T09:41:51</date>
  <millis>1553690511645</millis>
  <sequence>1</sequence>
  <level>RUN_DATA</level>
  <class>com.kms.katalon.core.logging.XmlKeywordLogger</class>
  <method>logMessage</method>
  <thread>1</thread>
  <message>hostName = isaac - DESKTOP-RO0FF5F</message>
  <nestedLevel>0</nestedLevel>
  <property name="hostName">isaac - DESKTOP-RO0FF5F</property>
</record>
<record>
  <date>2019-03-27T09:41:51</date>
  <millis>1553690511646</millis>
  <sequence>2</sequence>
  <level>RUN_DATA</level>
  <class>com.kms.katalon.core.logging.XmlKeywordLogger</class>
  <method>logMessage</method>
  <thread>1</thread>
  <message>os = Windows 10 64bit</message>
  <nestedLevel>0</nestedLevel>
  <property name="os">Windows 10 64bit</property>
</record>
<record>
  <date>2019-03-27T09:41:51</date>
  <millis>1553690511648</millis>
  <sequence>3</sequence>
  <level>RUN_DATA</level>
  <class>com.kms.katalon.core.logging.XmlKeywordLogger</class>
  <method>logMessage</method>
  <thread>1</thread>
  <message>hostAddress = 192.168.0.108</message>
  <nestedLevel>0</nestedLevel>
  <property name="hostAddress">192.168.0.108</property>
</record>
<record>
  <date>2019-03-27T09:41:51</date>
  <millis>1553690511653</millis>
  <sequence>4</sequence>
  <level>RUN_DATA</level>
  <class>com.kms.katalon.core.logging.XmlKeywordLogger</class>
  <method>logMessage</method>
  <thread>1</thread>
  <message>katalonVersion = 6.0.5.4</message>
  <nestedLevel>0</nestedLevel>
  <property name="katalonVersion">6.0.5.4</property>
</record>
<record>
  <date>2019-03-27T09:41:52</date>
  <millis>1553690512231</millis>
  <sequence>5</sequence>
  <level>START</level>
  <class>com.kms.katalon.core.logging.XmlKeywordLogger</class>
  <method>startTest</method>
  <thread>1</thread>
  <message>Start Test Case : Test Cases/Regression BackOffice (All Browsers)/CLNK-23455 - Back office Enter Needs</message>
  <nestedLevel>1</nestedLevel>
  <property name="name">Test Cases/Regression BackOffice (All Browsers)/CLNK-23455 - Back office Enter Needs</property>
  <property name="description">Summary: Back office  Enter Needs\nDescription: </property>
  <property name="id">Test Cases/Regression BackOffice (All Browsers)/CLNK-23455 - Back office Enter Needs</property>
  <property name="source">C:\\Users\\isaac\\Katalon Studio\\Continulink\\Test Cases\\Regression BackOffice (All Browsers)\\CLNK-23455 - Back office Enter Needs.tc</property>
  <property name="isOptional">false</property>
</record>
<record>
  <date>2019-03-27T09:41:54</date>
  <millis>1553690514259</millis>
  <sequence>7</sequence>
  <level>START</level>
  <class>com.kms.katalon.core.logging.XmlKeywordLogger</class>
  <method>startKeyword</method>
  <thread>1</thread>
  <message>Start action : callTestCase(findTestCase(\&amp;quot;Regression BackOffice (All Browsers)/CLNK-23439 - Clink - Back office Client\&amp;quot;), [:], STOP_ON_FAILURE)</message>
  <nestedLevel>1</nestedLevel>
  <property name="startLine">17</property>
  <property name="stepIndex">1</property>
</record>
<record>
  <date>2019-03-27T09:41:54</date>
  <millis>1553690514557</millis>
  <sequence>10</sequence>
  <level>START</level>
  <class>com.kms.katalon.core.logging.XmlKeywordLogger</class>
  <method>startTest</method>
  <thread>1</thread>
  <message>Start Test Case : Test Cases/Regression BackOffice (All Browsers)/CLNK-23439 - Clink - Back office Client</message>
  <nestedLevel>2</nestedLevel>
  <property name="name">Test Cases/Regression BackOffice (All Browsers)/CLNK-23439 - Clink - Back office Client</property>
  <property name="description">Summary: Clink - Back office  Client \nDescription: </property>
  <property name="id">Test Cases/Regression BackOffice (All Browsers)/CLNK-23439 - Clink - Back office Client</property>
  <property name="source">C:\\Users\\isaac\\Katalon Studio\\Continulink\\Test Cases\\Regression BackOffice (All Browsers)\\CLNK-23439 - Clink - Back office Client.tc</property>
  <property name="isOptional">false</property>
</record>
<record>
  <date>2019-03-27T09:41:55</date>
  <millis>1553690515038</millis>
  <sequence>12</sequence>
  <level>START</level>
  <class>com.kms.katalon.core.logging.XmlKeywordLogger</class>
  <method>startKeyword</method>
  <thread>1</thread>
  <message>Start action : openBrowser(G_SiteBackOffice)</message>
  <nestedLevel>1</nestedLevel>
  <property name="startLine">16</property>
  <property name="stepIndex">1</property>
</record>
<record>
  <date>2019-03-27T09:41:57</date>
  <millis>1553690517424</millis>
  <sequence>14</sequence>
  <level>INFO</level>
  <class>com.kms.katalon.core.logging.XmlKeywordLogger</class>
  <method>logMessage</method>
  <thread>1</thread>
  <message>Starting &amp;apos;Chrome&amp;apos; driver</message>
  <nestedLevel>2</nestedLevel>
</record>
<record>
  <date>2019-03-27T09:41:57</date>
  <millis>1553690517528</millis>
  <sequence>15</sequence>
  <level>INFO</level>
  <class>com.kms.katalon.core.logging.XmlKeywordLogger</class>
  <method>logMessage</method>
  <thread>1</thread>
  <message>Action delay is set to 0 seconds</message>
  <nestedLevel>2</nestedLevel>
</record>
<record>
  <date>2019-03-27T09:42:04</date>
  <millis>1553690524755</millis>
  <sequence>17</sequence>
  <level>RUN_DATA</level>
  <class>com.kms.katalon.core.logging.XmlKeywordLogger</class>
  <method>logMessage</method>
  <thread>1</thread>
  <message>sessionId = 5a54d287808315ebcfe8f3d253b4e047</message>
  <nestedLevel>2</nestedLevel>
  <property name="sessionId">5a54d287808315ebcfe8f3d253b4e047</property>
</record>
<record>
  <date>2019-03-27T09:42:04</date>
  <millis>1553690524793</millis>
  <sequence>18</sequence>
  <level>RUN_DATA</level>
  <class>com.kms.katalon.core.logging.XmlKeywordLogger</class>
  <method>logMessage</method>
  <thread>1</thread>
  <message>browser = Chrome 73.0.3683.86</message>
  <nestedLevel>2</nestedLevel>
  <property name="browser">Chrome 73.0.3683.86</property>
</record>
<record>
  <date>2019-03-27T09:42:04</date>
  <millis>1553690524795</millis>
  <sequence>19</sequence>
  <level>RUN_DATA</level>
  <class>com.kms.katalon.core.logging.XmlKeywordLogger</class>
  <method>logMessage</method>
  <thread>1</thread>
  <message>platform = Windows 10</message>
  <nestedLevel>2</nestedLevel>
  <property name="platform">Windows 10</property>
</record>
<record>
  <date>2019-03-27T09:42:04</date>
  <millis>1553690524800</millis>
  <sequence>20</sequence>
  <level>RUN_DATA</level>
  <class>com.kms.katalon.core.logging.XmlKeywordLogger</class>
  <method>logMessage</method>
  <thread>1</thread>
  <message>seleniumVersion = 3.7.1</message>
  <nestedLevel>2</nestedLevel>
  <property name="seleniumVersion">3.7.1</property>
</record>
<record>
  <date>2019-03-27T09:42:04</date>
  <millis>1553690524802</millis>
  <sequence>21</sequence>
  <level>RUN_DATA</level>
  <class>com.kms.katalon.core.logging.XmlKeywordLogger</class>
  <method>logMessage</method>
  <thread>1</thread>
  <message>proxyInformation = ProxyInformation{proxyOption=NO_PROXY, proxyServerType=HTTP, password=, proxyServerAddress=, proxyServerPort=0}</message>
  <nestedLevel>2</nestedLevel>
  <property name="proxyInformation">ProxyInformation{proxyOption=NO_PROXY, proxyServerType=HTTP, password=, proxyServerAddress=, proxyServerPort=0}</property>
</record>
<record>
  <date>2019-03-27T09:42:08</date>
  <millis>1553690528338</millis>
  <sequence>23</sequence>
  <level>PASSED</level>
  <class>com.kms.katalon.core.logging.XmlKeywordLogger</class>
  <method>logMessage</method>
  <thread>1</thread>
  <message>Browser is opened with url: &amp;apos;http://qanewpoc.continulink.com:81/backoffice/Login.aspx&amp;apos;</message>
  <nestedLevel>2</nestedLevel>
</record>
<record>
  <date>2019-03-27T09:42:08</date>
  <millis>1553690528339</millis>
  <sequence>24</sequence>
  <level>END</level>
  <class>com.kms.katalon.core.logging.XmlKeywordLogger</class>
  <method>endKeyword</method>
  <thread>1</thread>
  <message>End action : openBrowser(G_SiteBackOffice)</message>
  <nestedLevel>1</nestedLevel>
</record>
<record>
  <date>2019-03-27T09:42:08</date>
  <millis>1553690528340</millis>
  <sequence>25</sequence>
  <level>START</level>
  <class>com.kms.katalon.core.logging.XmlKeywordLogger</class>
  <method>startKeyword</method>
  <thread>1</thread>
  <message>Start action : waitForPageLoad(60)</message>
  <nestedLevel>1</nestedLevel>
  <property name="startLine">18</property>
  <property name="stepIndex">2</property>
</record>
<record>
  <date>2019-03-27T09:42:08</date>
  <millis>1553690528477</millis>
  <sequence>27</sequence>
  <level>PASSED</level>
  <class>com.kms.katalon.core.logging.XmlKeywordLogger</class>
  <method>logMessage</method>
  <thread>1</thread>
  <message>Wait for page load successfully</message>
  <nestedLevel>2</nestedLevel>
</record>
<record>
  <date>2019-03-27T09:42:08</date>
  <millis>1553690528478</millis>
  <sequence>28</sequence>
  <level>END</level>
  <class>com.kms.katalon.core.logging.XmlKeywordLogger</class>
  <method>endKeyword</method>
  <thread>1</thread>
  <message>End action : waitForPageLoad(60)</message>
  <nestedLevel>1</nestedLevel>
</record>
<record>
  <date>2019-03-27T09:42:08</date>
  <millis>1553690528478</millis>
  <sequence>29</sequence>
  <level>START</level>
  <class>com.kms.katalon.core.logging.XmlKeywordLogger</class>
  <method>startKeyword</method>
  <thread>1</thread>
  <message>Start action : maximizeWindow()</message>
  <nestedLevel>1</nestedLevel>
  <property name="startLine">20</property>
  <property name="stepIndex">3</property>
</record>
<record>
  <date>2019-03-27T09:42:09</date>
  <millis>1553690529757</millis>
  <sequence>31</sequence>
  <level>PASSED</level>
  <class>com.kms.katalon.core.logging.XmlKeywordLogger</class>
  <method>logMessage</method>
  <thread>1</thread>
  <message>Current window maximized</message>
  <nestedLevel>2</nestedLevel>
</record>
<record>
  <date>2019-03-27T09:42:09</date>
  <millis>1553690529759</millis>
  <sequence>32</sequence>
  <level>END</level>
  <class>com.kms.katalon.core.logging.XmlKeywordLogger</class>
  <method>endKeyword</method>
  <thread>1</thread>
  <message>End action : maximizeWindow()</message>
  <nestedLevel>1</nestedLevel>
</record>
<record>
  <date>2019-03-27T09:42:09</date>
  <millis>1553690529761</millis>
  <sequence>33</sequence>
  <level>START</level>
  <class>com.kms.katalon.core.logging.XmlKeywordLogger</class>
  <method>startKeyword</method>
  <thread>1</thread>
  <message>Start action : setText(findTestObject(\&amp;quot;Regression BackOffice/Login/UserBackOffice\&amp;quot;), G_UserBackOffice)</message>
  <nestedLevel>1</nestedLevel>
  <property name="startLine">22</property>
  <property name="stepIndex">4</property>
</record>
<record>
  <date>2019-03-27T09:42:10</date>
  <millis>1553690530209</millis>
  <sequence>45</sequence>
  <level>PASSED</level>
  <class>com.kms.katalon.core.logging.XmlKeywordLogger</class>
  <method>logMessage</method>
  <thread>1</thread>
  <message>Text &amp;apos;demo&amp;apos; is set on object &amp;apos;Object Repository/Regression BackOffice/Login/UserBackOffice&amp;apos;</message>
  <nestedLevel>2</nestedLevel>
</record>
<record>
  <date>2019-03-27T09:42:10</date>
  <millis>1553690530210</millis>
  <sequence>46</sequence>
  <level>END</level>
  <class>com.kms.katalon.core.logging.XmlKeywordLogger</class>
  <method>endKeyword</method>
  <thread>1</thread>
  <message>End action : setText(findTestObject(\&amp;quot;Regression BackOffice/Login/UserBackOffice\&amp;quot;), G_UserBackOffice)</message>
  <nestedLevel>1</nestedLevel>
</record>
<record>
  <date>2019-03-27T09:42:10</date>
  <millis>1553690530211</millis>
  <sequence>47</sequence>
  <level>START</level>
  <class>com.kms.katalon.core.logging.XmlKeywordLogger</class>
  <method>startKeyword</method>
  <thread>1</thread>
  <message>Start action : setText(findTestObject(\&amp;quot;Regression BackOffice/Login/PasswordBackOffice\&amp;quot;), G_PasswordBackOffice)</message>
  <nestedLevel>1</nestedLevel>
  <property name="startLine">24</property>
  <property name="stepIndex">5</property>
</record>
<record>
  <date>2019-03-27T09:42:10</date>
  <millis>1553690530609</millis>
  <sequence>59</sequence>
  <level>PASSED</level>
  <class>com.kms.katalon.core.logging.XmlKeywordLogger</class>
  <method>logMessage</method>
  <thread>1</thread>
  <message>Text &amp;apos;qwerty&amp;apos; is set on object &amp;apos;Object Repository/Regression BackOffice/Login/PasswordBackOffice&amp;apos;</message>
  <nestedLevel>2</nestedLevel>
</record>
<record>
  <date>2019-03-27T09:42:10</date>
  <millis>1553690530610</millis>
  <sequence>60</sequence>
  <level>END</level>
  <class>com.kms.katalon.core.logging.XmlKeywordLogger</class>
  <method>endKeyword</method>
  <thread>1</thread>
  <message>End action : setText(findTestObject(\&amp;quot;Regression BackOffice/Login/PasswordBackOffice\&amp;quot;), G_PasswordBackOffice)</message>
  <nestedLevel>1</nestedLevel>
</record>
<record>
  <date>2019-03-27T09:42:10</date>
  <millis>1553690530611</millis>
  <sequence>61</sequence>
  <level>START</level>
  <class>com.kms.katalon.core.logging.XmlKeywordLogger</class>
  <method>startKeyword</method>
  <thread>1</thread>
  <message>Start action : click(findTestObject(\&amp;quot;Regression BackOffice/Login/LoginBackOffice\&amp;quot;))</message>
  <nestedLevel>1</nestedLevel>
  <property name="startLine">26</property>
  <property name="stepIndex">6</property>
</record>
<record>
  <date>2019-03-27T09:42:22</date>
  <millis>1553690542772</millis>
  <sequence>68</sequence>
  <level>PASSED</level>
  <class>com.kms.katalon.core.logging.XmlKeywordLogger</class>
  <method>logMessage</method>
  <thread>1</thread>
  <message>Object: &amp;apos;Object Repository/Regression BackOffice/Login/LoginBackOffice&amp;apos; is clicked on</message>
  <nestedLevel>2</nestedLevel>
</record>
<record>
  <date>2019-03-27T09:42:22</date>
  <millis>1553690542774</millis>
  <sequence>69</sequence>
  <level>END</level>
  <class>com.kms.katalon.core.logging.XmlKeywordLogger</class>
  <method>endKeyword</method>
  <thread>1</thread>
  <message>End action : click(findTestObject(\&amp;quot;Regression BackOffice/Login/LoginBackOffice\&amp;quot;))</message>
  <nestedLevel>1</nestedLevel>
</record>
<record>
  <date>2019-03-27T09:42:22</date>
  <millis>1553690542774</millis>
  <sequence>70</sequence>
  <level>START</level>
  <class>com.kms.katalon.core.logging.XmlKeywordLogger</class>
  <method>startKeyword</method>
  <thread>1</thread>
  <message>Start action : waitForPageLoad(60)</message>
  <nestedLevel>1</nestedLevel>
  <property name="startLine">28</property>
  <property name="stepIndex">7</property>
</record>
<record>
  <date>2019-03-27T09:42:22</date>
  <millis>1553690542820</millis>
  <sequence>72</sequence>
  <level>PASSED</level>
  <class>com.kms.katalon.core.logging.XmlKeywordLogger</class>
  <method>logMessage</method>
  <thread>1</thread>
  <message>Wait for page load successfully</message>
  <nestedLevel>2</nestedLevel>
</record>
<record>
  <date>2019-03-27T09:42:22</date>
  <millis>1553690542822</millis>
  <sequence>73</sequence>
  <level>END</level>
  <class>com.kms.katalon.core.logging.XmlKeywordLogger</class>
  <method>endKeyword</method>
  <thread>1</thread>
  <message>End action : waitForPageLoad(60)</message>
  <nestedLevel>1</nestedLevel>
</record>
<record>
  <date>2019-03-27T09:42:22</date>
  <millis>1553690542823</millis>
  <sequence>74</sequence>
  <level>START</level>
  <class>com.kms.katalon.core.logging.XmlKeywordLogger</class>
  <method>startKeyword</method>
  <thread>1</thread>
  <message>Start action : delay(3)</message>
  <nestedLevel>1</nestedLevel>
  <property name="startLine">30</property>
  <property name="stepIndex">8</property>
</record>
<record>
  <date>2019-03-27T09:42:25</date>
  <millis>1553690545844</millis>
  <sequence>76</sequence>
  <level>PASSED</level>
  <class>com.kms.katalon.core.logging.XmlKeywordLogger</class>
  <method>logMessage</method>
  <thread>1</thread>
  <message>Delayed 3 second(s)</message>
  <nestedLevel>2</nestedLevel>
</record>
<record>
  <date>2019-03-27T09:42:25</date>
  <millis>1553690545845</millis>
  <sequence>77</sequence>
  <level>END</level>
  <class>com.kms.katalon.core.logging.XmlKeywordLogger</class>
  <method>endKeyword</method>
  <thread>1</thread>
  <message>End action : delay(3)</message>
  <nestedLevel>1</nestedLevel>
</record>
<record>
  <date>2019-03-27T09:42:25</date>
  <millis>1553690545845</millis>
  <sequence>78</sequence>
  <level>START</level>
  <class>com.kms.katalon.core.logging.XmlKeywordLogger</class>
  <method>startKeyword</method>
  <thread>1</thread>
  <message>Start action : switchToFrame(findTestObject(\&amp;quot;Regression BackOffice/CLNK-23449/FrameLeft\&amp;quot;), 5)</message>
  <nestedLevel>1</nestedLevel>
  <property name="startLine">32</property>
  <property name="stepIndex">9</property>
</record>
<record>
  <date>2019-03-27T09:42:26</date>
  <millis>1553690546047</millis>
  <sequence>85</sequence>
  <level>END</level>
  <class>com.kms.katalon.core.logging.XmlKeywordLogger</class>
  <method>endKeyword</method>
  <thread>1</thread>
  <message>End action : switchToFrame(findTestObject(\&amp;quot;Regression BackOffice/CLNK-23449/FrameLeft\&amp;quot;), 5)</message>
  <nestedLevel>1</nestedLevel>
</record>
<record>
  <date>2019-03-27T09:42:26</date>
  <millis>1553690546047</millis>
  <sequence>86</sequence>
  <level>START</level>
  <class>com.kms.katalon.core.logging.XmlKeywordLogger</class>
  <method>startKeyword</method>
  <thread>1</thread>
  <message>Start action : waitForElementPresent(findTestObject(\&amp;quot;Regression BackOffice/CLNK-23449/ClienIntakeICon\&amp;quot;), 60)</message>
  <nestedLevel>1</nestedLevel>
  <property name="startLine">34</property>
  <property name="stepIndex">10</property>
</record>
<record>
  <date>2019-03-27T09:42:26</date>
  <millis>1553690546149</millis>
  <sequence>92</sequence>
  <level>PASSED</level>
  <class>com.kms.katalon.core.logging.XmlKeywordLogger</class>
  <method>logMessage</method>
  <thread>1</thread>
  <message>Object &amp;apos;Object Repository/Regression BackOffice/CLNK-23449/ClienIntakeICon&amp;apos; is present</message>
  <nestedLevel>2</nestedLevel>
</record>
<record>
  <date>2019-03-27T09:42:26</date>
  <millis>1553690546151</millis>
  <sequence>93</sequence>
  <level>END</level>
  <class>com.kms.katalon.core.logging.XmlKeywordLogger</class>
  <method>endKeyword</method>
  <thread>1</thread>
  <message>End action : waitForElementPresent(findTestObject(\&amp;quot;Regression BackOffice/CLNK-23449/ClienIntakeICon\&amp;quot;), 60)</message>
  <nestedLevel>1</nestedLevel>
</record>
<record>
  <date>2019-03-27T09:42:26</date>
  <millis>1553690546151</millis>
  <sequence>94</sequence>
  <level>START</level>
  <class>com.kms.katalon.core.logging.XmlKeywordLogger</class>
  <method>startKeyword</method>
  <thread>1</thread>
  <message>Start action : verifyElementPresent(findTestObject(\&amp;quot;Regression BackOffice/CLNK-23449/ClienIntakeICon\&amp;quot;), 100)</message>
  <nestedLevel>1</nestedLevel>
  <property name="startLine">36</property>
  <property name="stepIndex">11</property>
</record>
<record>
  <date>2019-03-27T09:42:26</date>
  <millis>1553690546244</millis>
  <sequence>100</sequence>
  <level>PASSED</level>
  <class>com.kms.katalon.core.logging.XmlKeywordLogger</class>
  <method>logMessage</method>
  <thread>1</thread>
  <message>Object &amp;apos;Object Repository/Regression BackOffice/CLNK-23449/ClienIntakeICon&amp;apos; is present</message>
  <nestedLevel>2</nestedLevel>
</record>
<record>
  <date>2019-03-27T09:42:26</date>
  <millis>1553690546245</millis>
  <sequence>101</sequence>
  <level>END</level>
  <class>com.kms.katalon.core.logging.XmlKeywordLogger</class>
  <method>endKeyword</method>
  <thread>1</thread>
  <message>End action : verifyElementPresent(findTestObject(\&amp;quot;Regression BackOffice/CLNK-23449/ClienIntakeICon\&amp;quot;), 100)</message>
  <nestedLevel>1</nestedLevel>
</record>
<record>
  <date>2019-03-27T09:42:26</date>
  <millis>1553690546245</millis>
  <sequence>102</sequence>
  <level>START</level>
  <class>com.kms.katalon.core.logging.XmlKeywordLogger</class>
  <method>startKeyword</method>
  <thread>1</thread>
  <message>Start action : switchToDefaultContent()</message>
  <nestedLevel>1</nestedLevel>
  <property name="startLine">38</property>
  <property name="stepIndex">12</property>
</record>
<record>
  <date>2019-03-27T09:42:26</date>
  <millis>1553690546333</millis>
  <sequence>104</sequence>
  <level>END</level>
  <class>com.kms.katalon.core.logging.XmlKeywordLogger</class>
  <method>endKeyword</method>
  <thread>1</thread>
  <message>End action : switchToDefaultContent()</message>
  <nestedLevel>1</nestedLevel>
</record>
<record>
  <date>2019-03-27T09:42:26</date>
  <millis>1553690546333</millis>
  <sequence>105</sequence>
  <level>PASSED</level>
  <class>com.kms.katalon.core.logging.XmlKeywordLogger</class>
  <method>logMessage</method>
  <thread>1</thread>
  <message>Test Cases/Regression BackOffice (All Browsers)/CLNK-23439 - Clink - Back office Client</message>
  <nestedLevel>2</nestedLevel>
</record>
<record>
  <date>2019-03-27T09:42:26</date>
  <millis>1553690546334</millis>
  <sequence>106</sequence>
  <level>END</level>
  <class>com.kms.katalon.core.logging.XmlKeywordLogger</class>
  <method>endTest</method>
  <thread>1</thread>
  <message>End Test Case : Test Cases/Regression BackOffice (All Browsers)/CLNK-23439 - Clink - Back office Client</message>
  <nestedLevel>1</nestedLevel>
</record>
<record>
  <date>2019-03-27T09:42:26</date>
  <millis>1553690546345</millis>
  <sequence>107</sequence>
  <level>PASSED</level>
  <class>com.kms.katalon.core.logging.XmlKeywordLogger</class>
  <method>logMessage</method>
  <thread>1</thread>
  <message>Call Test Case &amp;apos;Test Cases/Regression BackOffice (All Browsers)/CLNK-23439 - Clink - Back office Client&amp;apos; successfully</message>
  <nestedLevel>1</nestedLevel>
</record>
<record>
  <date>2019-03-27T09:42:26</date>
  <millis>1553690546349</millis>
  <sequence>108</sequence>
  <level>END</level>
  <class>com.kms.katalon.core.logging.XmlKeywordLogger</class>
  <method>endKeyword</method>
  <thread>1</thread>
  <message>End action : callTestCase(findTestCase(\&amp;quot;Regression BackOffice (All Browsers)/CLNK-23439 - Clink - Back office Client\&amp;quot;), [:], STOP_ON_FAILURE)</message>
  <nestedLevel>1</nestedLevel>
</record>
<record>
  <date>2019-03-27T09:42:26</date>
  <millis>1553690546350</millis>
  <sequence>109</sequence>
  <level>START</level>
  <class>com.kms.katalon.core.logging.XmlKeywordLogger</class>
  <method>startKeyword</method>
  <thread>1</thread>
  <message>Start action : waitForPageLoad(60)</message>
  <nestedLevel>1</nestedLevel>
  <property name="startLine">19</property>
  <property name="stepIndex">2</property>
</record>
<record>
  <date>2019-03-27T09:42:26</date>
  <millis>1553690546422</millis>
  <sequence>111</sequence>
  <level>PASSED</level>
  <class>com.kms.katalon.core.logging.XmlKeywordLogger</class>
  <method>logMessage</method>
  <thread>1</thread>
  <message>Wait for page load successfully</message>
  <nestedLevel>1</nestedLevel>
</record>
<record>
  <date>2019-03-27T09:42:26</date>
  <millis>1553690546423</millis>
  <sequence>112</sequence>
  <level>END</level>
  <class>com.kms.katalon.core.logging.XmlKeywordLogger</class>
  <method>endKeyword</method>
  <thread>1</thread>
  <message>End action : waitForPageLoad(60)</message>
  <nestedLevel>1</nestedLevel>
</record>
<record>
  <date>2019-03-27T09:42:26</date>
  <millis>1553690546423</millis>
  <sequence>113</sequence>
  <level>START</level>
  <class>com.kms.katalon.core.logging.XmlKeywordLogger</class>
  <method>startKeyword</method>
  <thread>1</thread>
  <message>Start action : delay(3)</message>
  <nestedLevel>1</nestedLevel>
  <property name="startLine">21</property>
  <property name="stepIndex">3</property>
</record>
<record>
  <date>2019-03-27T09:42:29</date>
  <millis>1553690549431</millis>
  <sequence>115</sequence>
  <level>PASSED</level>
  <class>com.kms.katalon.core.logging.XmlKeywordLogger</class>
  <method>logMessage</method>
  <thread>1</thread>
  <message>Delayed 3 second(s)</message>
  <nestedLevel>1</nestedLevel>
</record>
<record>
  <date>2019-03-27T09:42:29</date>
  <millis>1553690549433</millis>
  <sequence>116</sequence>
  <level>END</level>
  <class>com.kms.katalon.core.logging.XmlKeywordLogger</class>
  <method>endKeyword</method>
  <thread>1</thread>
  <message>End action : delay(3)</message>
  <nestedLevel>1</nestedLevel>
</record>
<record>
  <date>2019-03-27T09:42:29</date>
  <millis>1553690549434</millis>
  <sequence>117</sequence>
  <level>START</level>
  <class>com.kms.katalon.core.logging.XmlKeywordLogger</class>
  <method>startKeyword</method>
  <thread>1</thread>
  <message>Start action : switchToFrame(findTestObject(\&amp;quot;Regression BackOffice/CLNK-23449/FrameLeft\&amp;quot;), 30)</message>
  <nestedLevel>1</nestedLevel>
  <property name="startLine">23</property>
  <property name="stepIndex">4</property>
</record>
<record>
  <date>2019-03-27T09:42:29</date>
  <millis>1553690549530</millis>
  <sequence>124</sequence>
  <level>END</level>
  <class>com.kms.katalon.core.logging.XmlKeywordLogger</class>
  <method>endKeyword</method>
  <thread>1</thread>
  <message>End action : switchToFrame(findTestObject(\&amp;quot;Regression BackOffice/CLNK-23449/FrameLeft\&amp;quot;), 30)</message>
  <nestedLevel>1</nestedLevel>
</record>
<record>
  <date>2019-03-27T09:42:29</date>
  <millis>1553690549530</millis>
  <sequence>125</sequence>
  <level>START</level>
  <class>com.kms.katalon.core.logging.XmlKeywordLogger</class>
  <method>startKeyword</method>
  <thread>1</thread>
  <message>Start action : waitForElementPresent(findTestObject(\&amp;quot;Regression BackOffice/CLNK-10235/ScheduleIcon\&amp;quot;), 100)</message>
  <nestedLevel>1</nestedLevel>
  <property name="startLine">25</property>
  <property name="stepIndex">5</property>
</record>
<record>
  <date>2019-03-27T09:42:29</date>
  <millis>1553690549602</millis>
  <sequence>131</sequence>
  <level>PASSED</level>
  <class>com.kms.katalon.core.logging.XmlKeywordLogger</class>
  <method>logMessage</method>
  <thread>1</thread>
  <message>Object &amp;apos;Object Repository/Regression BackOffice/CLNK-10235/ScheduleIcon&amp;apos; is present</message>
  <nestedLevel>1</nestedLevel>
</record>
<record>
  <date>2019-03-27T09:42:29</date>
  <millis>1553690549603</millis>
  <sequence>132</sequence>
  <level>END</level>
  <class>com.kms.katalon.core.logging.XmlKeywordLogger</class>
  <method>endKeyword</method>
  <thread>1</thread>
  <message>End action : waitForElementPresent(findTestObject(\&amp;quot;Regression BackOffice/CLNK-10235/ScheduleIcon\&amp;quot;), 100)</message>
  <nestedLevel>1</nestedLevel>
</record>
<record>
  <date>2019-03-27T09:42:29</date>
  <millis>1553690549603</millis>
  <sequence>133</sequence>
  <level>START</level>
  <class>com.kms.katalon.core.logging.XmlKeywordLogger</class>
  <method>startKeyword</method>
  <thread>1</thread>
  <message>Start action : click(findTestObject(\&amp;quot;Regression BackOffice/CLNK-10235/ScheduleIcon\&amp;quot;))</message>
  <nestedLevel>1</nestedLevel>
  <property name="startLine">27</property>
  <property name="stepIndex">6</property>
</record>
<record>
  <date>2019-03-27T09:42:29</date>
  <millis>1553690549910</millis>
  <sequence>140</sequence>
  <level>PASSED</level>
  <class>com.kms.katalon.core.logging.XmlKeywordLogger</class>
  <method>logMessage</method>
  <thread>1</thread>
  <message>Object: &amp;apos;Object Repository/Regression BackOffice/CLNK-10235/ScheduleIcon&amp;apos; is clicked on</message>
  <nestedLevel>1</nestedLevel>
</record>
<record>
  <date>2019-03-27T09:42:29</date>
  <millis>1553690549911</millis>
  <sequence>141</sequence>
  <level>END</level>
  <class>com.kms.katalon.core.logging.XmlKeywordLogger</class>
  <method>endKeyword</method>
  <thread>1</thread>
  <message>End action : click(findTestObject(\&amp;quot;Regression BackOffice/CLNK-10235/ScheduleIcon\&amp;quot;))</message>
  <nestedLevel>1</nestedLevel>
</record>
<record>
  <date>2019-03-27T09:42:29</date>
  <millis>1553690549912</millis>
  <sequence>142</sequence>
  <level>START</level>
  <class>com.kms.katalon.core.logging.XmlKeywordLogger</class>
  <method>startKeyword</method>
  <thread>1</thread>
  <message>Start action : delay(2)</message>
  <nestedLevel>1</nestedLevel>
  <property name="startLine">29</property>
  <property name="stepIndex">7</property>
</record>
<record>
  <date>2019-03-27T09:42:31</date>
  <millis>1553690551919</millis>
  <sequence>144</sequence>
  <level>PASSED</level>
  <class>com.kms.katalon.core.logging.XmlKeywordLogger</class>
  <method>logMessage</method>
  <thread>1</thread>
  <message>Delayed 2 second(s)</message>
  <nestedLevel>1</nestedLevel>
</record>
<record>
  <date>2019-03-27T09:42:31</date>
  <millis>1553690551920</millis>
  <sequence>145</sequence>
  <level>END</level>
  <class>com.kms.katalon.core.logging.XmlKeywordLogger</class>
  <method>endKeyword</method>
  <thread>1</thread>
  <message>End action : delay(2)</message>
  <nestedLevel>1</nestedLevel>
</record>
<record>
  <date>2019-03-27T09:42:31</date>
  <millis>1553690551921</millis>
  <sequence>146</sequence>
  <level>START</level>
  <class>com.kms.katalon.core.logging.XmlKeywordLogger</class>
  <method>startKeyword</method>
  <thread>1</thread>
  <message>Start action : waitForElementPresent(findTestObject(\&amp;quot;Regression BackOffice/CLNK-10235/EnterNeeds\&amp;quot;), 100)</message>
  <nestedLevel>1</nestedLevel>
  <property name="startLine">31</property>
  <property name="stepIndex">8</property>
</record>
<record>
  <date>2019-03-27T09:42:32</date>
  <millis>1553690552055</millis>
  <sequence>152</sequence>
  <level>PASSED</level>
  <class>com.kms.katalon.core.logging.XmlKeywordLogger</class>
  <method>logMessage</method>
  <thread>1</thread>
  <message>Object &amp;apos;Object Repository/Regression BackOffice/CLNK-10235/EnterNeeds&amp;apos; is present</message>
  <nestedLevel>1</nestedLevel>
</record>
<record>
  <date>2019-03-27T09:42:32</date>
  <millis>1553690552056</millis>
  <sequence>153</sequence>
  <level>END</level>
  <class>com.kms.katalon.core.logging.XmlKeywordLogger</class>
  <method>endKeyword</method>
  <thread>1</thread>
  <message>End action : waitForElementPresent(findTestObject(\&amp;quot;Regression BackOffice/CLNK-10235/EnterNeeds\&amp;quot;), 100)</message>
  <nestedLevel>1</nestedLevel>
</record>
<record>
  <date>2019-03-27T09:42:32</date>
  <millis>1553690552057</millis>
  <sequence>154</sequence>
  <level>START</level>
  <class>com.kms.katalon.core.logging.XmlKeywordLogger</class>
  <method>startKeyword</method>
  <thread>1</thread>
  <message>Start action : click(findTestObject(\&amp;quot;Regression BackOffice/CLNK-10235/EnterNeeds\&amp;quot;))</message>
  <nestedLevel>1</nestedLevel>
  <property name="startLine">33</property>
  <property name="stepIndex">9</property>
</record>
<record>
  <date>2019-03-27T09:42:34</date>
  <millis>1553690554372</millis>
  <sequence>161</sequence>
  <level>PASSED</level>
  <class>com.kms.katalon.core.logging.XmlKeywordLogger</class>
  <method>logMessage</method>
  <thread>1</thread>
  <message>Object: &amp;apos;Object Repository/Regression BackOffice/CLNK-10235/EnterNeeds&amp;apos; is clicked on</message>
  <nestedLevel>1</nestedLevel>
</record>
<record>
  <date>2019-03-27T09:42:34</date>
  <millis>1553690554373</millis>
  <sequence>162</sequence>
  <level>END</level>
  <class>com.kms.katalon.core.logging.XmlKeywordLogger</class>
  <method>endKeyword</method>
  <thread>1</thread>
  <message>End action : click(findTestObject(\&amp;quot;Regression BackOffice/CLNK-10235/EnterNeeds\&amp;quot;))</message>
  <nestedLevel>1</nestedLevel>
</record>
<record>
  <date>2019-03-27T09:42:34</date>
  <millis>1553690554374</millis>
  <sequence>163</sequence>
  <level>START</level>
  <class>com.kms.katalon.core.logging.XmlKeywordLogger</class>
  <method>startKeyword</method>
  <thread>1</thread>
  <message>Start action : delay(2)</message>
  <nestedLevel>1</nestedLevel>
  <property name="startLine">35</property>
  <property name="stepIndex">10</property>
</record>
<record>
  <date>2019-03-27T09:42:36</date>
  <millis>1553690556381</millis>
  <sequence>165</sequence>
  <level>PASSED</level>
  <class>com.kms.katalon.core.logging.XmlKeywordLogger</class>
  <method>logMessage</method>
  <thread>1</thread>
  <message>Delayed 2 second(s)</message>
  <nestedLevel>1</nestedLevel>
</record>
<record>
  <date>2019-03-27T09:42:36</date>
  <millis>1553690556382</millis>
  <sequence>166</sequence>
  <level>END</level>
  <class>com.kms.katalon.core.logging.XmlKeywordLogger</class>
  <method>endKeyword</method>
  <thread>1</thread>
  <message>End action : delay(2)</message>
  <nestedLevel>1</nestedLevel>
</record>
<record>
  <date>2019-03-27T09:42:36</date>
  <millis>1553690556383</millis>
  <sequence>167</sequence>
  <level>START</level>
  <class>com.kms.katalon.core.logging.XmlKeywordLogger</class>
  <method>startKeyword</method>
  <thread>1</thread>
  <message>Start action : switchToDefaultContent()</message>
  <nestedLevel>1</nestedLevel>
  <property name="startLine">37</property>
  <property name="stepIndex">11</property>
</record>
<record>
  <date>2019-03-27T09:42:36</date>
  <millis>1553690556405</millis>
  <sequence>169</sequence>
  <level>END</level>
  <class>com.kms.katalon.core.logging.XmlKeywordLogger</class>
  <method>endKeyword</method>
  <thread>1</thread>
  <message>End action : switchToDefaultContent()</message>
  <nestedLevel>1</nestedLevel>
</record>
<record>
  <date>2019-03-27T09:42:36</date>
  <millis>1553690556406</millis>
  <sequence>170</sequence>
  <level>START</level>
  <class>com.kms.katalon.core.logging.XmlKeywordLogger</class>
  <method>startKeyword</method>
  <thread>1</thread>
  <message>Start action : switchToFrame(findTestObject(\&amp;quot;Regression BackOffice/CLNK-23449/FrameMain\&amp;quot;), 30)</message>
  <nestedLevel>1</nestedLevel>
  <property name="startLine">39</property>
  <property name="stepIndex">12</property>
</record>
<record>
  <date>2019-03-27T09:42:36</date>
  <millis>1553690556509</millis>
  <sequence>177</sequence>
  <level>END</level>
  <class>com.kms.katalon.core.logging.XmlKeywordLogger</class>
  <method>endKeyword</method>
  <thread>1</thread>
  <message>End action : switchToFrame(findTestObject(\&amp;quot;Regression BackOffice/CLNK-23449/FrameMain\&amp;quot;), 30)</message>
  <nestedLevel>1</nestedLevel>
</record>
<record>
  <date>2019-03-27T09:42:36</date>
  <millis>1553690556509</millis>
  <sequence>178</sequence>
  <level>START</level>
  <class>com.kms.katalon.core.logging.XmlKeywordLogger</class>
  <method>startKeyword</method>
  <thread>1</thread>
  <message>Start action : delay(3)</message>
  <nestedLevel>1</nestedLevel>
  <property name="startLine">41</property>
  <property name="stepIndex">13</property>
</record>
<record>
  <date>2019-03-27T09:42:39</date>
  <millis>1553690559515</millis>
  <sequence>180</sequence>
  <level>PASSED</level>
  <class>com.kms.katalon.core.logging.XmlKeywordLogger</class>
  <method>logMessage</method>
  <thread>1</thread>
  <message>Delayed 3 second(s)</message>
  <nestedLevel>1</nestedLevel>
</record>
<record>
  <date>2019-03-27T09:42:39</date>
  <millis>1553690559516</millis>
  <sequence>181</sequence>
  <level>END</level>
  <class>com.kms.katalon.core.logging.XmlKeywordLogger</class>
  <method>endKeyword</method>
  <thread>1</thread>
  <message>End action : delay(3)</message>
  <nestedLevel>1</nestedLevel>
</record>
<record>
  <date>2019-03-27T09:42:39</date>
  <millis>1553690559516</millis>
  <sequence>182</sequence>
  <level>START</level>
  <class>com.kms.katalon.core.logging.XmlKeywordLogger</class>
  <method>startKeyword</method>
  <thread>1</thread>
  <message>Start action : waitForElementPresent(findTestObject(\&amp;quot;Regression BackOffice/CLNK-10235/Client NameSearchNeeds\&amp;quot;), 100)</message>
  <nestedLevel>1</nestedLevel>
  <property name="startLine">43</property>
  <property name="stepIndex">14</property>
</record>
<record>
  <date>2019-03-27T09:42:39</date>
  <millis>1553690559585</millis>
  <sequence>188</sequence>
  <level>PASSED</level>
  <class>com.kms.katalon.core.logging.XmlKeywordLogger</class>
  <method>logMessage</method>
  <thread>1</thread>
  <message>Object &amp;apos;Object Repository/Regression BackOffice/CLNK-10235/Client NameSearchNeeds&amp;apos; is present</message>
  <nestedLevel>1</nestedLevel>
</record>
<record>
  <date>2019-03-27T09:42:39</date>
  <millis>1553690559586</millis>
  <sequence>189</sequence>
  <level>END</level>
  <class>com.kms.katalon.core.logging.XmlKeywordLogger</class>
  <method>endKeyword</method>
  <thread>1</thread>
  <message>End action : waitForElementPresent(findTestObject(\&amp;quot;Regression BackOffice/CLNK-10235/Client NameSearchNeeds\&amp;quot;), 100)</message>
  <nestedLevel>1</nestedLevel>
</record>
<record>
  <date>2019-03-27T09:42:39</date>
  <millis>1553690559586</millis>
  <sequence>190</sequence>
  <level>START</level>
  <class>com.kms.katalon.core.logging.XmlKeywordLogger</class>
  <method>startKeyword</method>
  <thread>1</thread>
  <message>Start action : setText(findTestObject(\&amp;quot;Regression BackOffice/CLNK-10235/Client NameSearchNeeds\&amp;quot;), \&amp;quot;Morris\&amp;quot;)</message>
  <nestedLevel>1</nestedLevel>
  <property name="startLine">45</property>
  <property name="stepIndex">15</property>
</record>
<record>
  <date>2019-03-27T09:42:39</date>
  <millis>1553690559968</millis>
  <sequence>202</sequence>
  <level>PASSED</level>
  <class>com.kms.katalon.core.logging.XmlKeywordLogger</class>
  <method>logMessage</method>
  <thread>1</thread>
  <message>Text &amp;apos;Morris&amp;apos; is set on object &amp;apos;Object Repository/Regression BackOffice/CLNK-10235/Client NameSearchNeeds&amp;apos;</message>
  <nestedLevel>1</nestedLevel>
</record>
<record>
  <date>2019-03-27T09:42:39</date>
  <millis>1553690559969</millis>
  <sequence>203</sequence>
  <level>END</level>
  <class>com.kms.katalon.core.logging.XmlKeywordLogger</class>
  <method>endKeyword</method>
  <thread>1</thread>
  <message>End action : setText(findTestObject(\&amp;quot;Regression BackOffice/CLNK-10235/Client NameSearchNeeds\&amp;quot;), \&amp;quot;Morris\&amp;quot;)</message>
  <nestedLevel>1</nestedLevel>
</record>
<record>
  <date>2019-03-27T09:42:39</date>
  <millis>1553690559970</millis>
  <sequence>204</sequence>
  <level>START</level>
  <class>com.kms.katalon.core.logging.XmlKeywordLogger</class>
  <method>startKeyword</method>
  <thread>1</thread>
  <message>Start action : delay(2)</message>
  <nestedLevel>1</nestedLevel>
  <property name="startLine">47</property>
  <property name="stepIndex">16</property>
</record>
<record>
  <date>2019-03-27T09:42:41</date>
  <millis>1553690561978</millis>
  <sequence>206</sequence>
  <level>PASSED</level>
  <class>com.kms.katalon.core.logging.XmlKeywordLogger</class>
  <method>logMessage</method>
  <thread>1</thread>
  <message>Delayed 2 second(s)</message>
  <nestedLevel>1</nestedLevel>
</record>
<record>
  <date>2019-03-27T09:42:41</date>
  <millis>1553690561979</millis>
  <sequence>207</sequence>
  <level>END</level>
  <class>com.kms.katalon.core.logging.XmlKeywordLogger</class>
  <method>endKeyword</method>
  <thread>1</thread>
  <message>End action : delay(2)</message>
  <nestedLevel>1</nestedLevel>
</record>
<record>
  <date>2019-03-27T09:42:41</date>
  <millis>1553690561979</millis>
  <sequence>208</sequence>
  <level>START</level>
  <class>com.kms.katalon.core.logging.XmlKeywordLogger</class>
  <method>startKeyword</method>
  <thread>1</thread>
  <message>Start action : sendKeys(findTestObject(\&amp;quot;Regression BackOffice/CLNK-10235/Client NameSearchNeeds\&amp;quot;), Keys.chord(ARROW_RIGHT, ARROW_DOWN, ENTER))</message>
  <nestedLevel>1</nestedLevel>
  <property name="startLine">49</property>
  <property name="stepIndex">17</property>
</record>
<record>
  <date>2019-03-27T09:42:42</date>
  <millis>1553690562171</millis>
  <sequence>214</sequence>
  <level>PASSED</level>
  <class>com.kms.katalon.core.logging.XmlKeywordLogger</class>
  <method>logMessage</method>
  <thread>1</thread>
  <message>Keys &amp;apos;RIGHT + DOWN + ENTER + &amp;apos; sent to object: &amp;apos;Object Repository/Regression BackOffice/CLNK-10235/Client NameSearchNeeds&amp;apos;</message>
  <nestedLevel>1</nestedLevel>
</record>
<record>
  <date>2019-03-27T09:42:42</date>
  <millis>1553690562172</millis>
  <sequence>215</sequence>
  <level>END</level>
  <class>com.kms.katalon.core.logging.XmlKeywordLogger</class>
  <method>endKeyword</method>
  <thread>1</thread>
  <message>End action : sendKeys(findTestObject(\&amp;quot;Regression BackOffice/CLNK-10235/Client NameSearchNeeds\&amp;quot;), Keys.chord(ARROW_RIGHT, ARROW_DOWN, ENTER))</message>
  <nestedLevel>1</nestedLevel>
</record>
<record>
  <date>2019-03-27T09:42:42</date>
  <millis>1553690562173</millis>
  <sequence>216</sequence>
  <level>START</level>
  <class>com.kms.katalon.core.logging.XmlKeywordLogger</class>
  <method>startKeyword</method>
  <thread>1</thread>
  <message>Start action : delay(2)</message>
  <nestedLevel>1</nestedLevel>
  <property name="startLine">52</property>
  <property name="stepIndex">18</property>
</record>
<record>
  <date>2019-03-27T09:42:44</date>
  <millis>1553690564178</millis>
  <sequence>218</sequence>
  <level>PASSED</level>
  <class>com.kms.katalon.core.logging.XmlKeywordLogger</class>
  <method>logMessage</method>
  <thread>1</thread>
  <message>Delayed 2 second(s)</message>
  <nestedLevel>1</nestedLevel>
</record>
<record>
  <date>2019-03-27T09:42:44</date>
  <millis>1553690564179</millis>
  <sequence>219</sequence>
  <level>END</level>
  <class>com.kms.katalon.core.logging.XmlKeywordLogger</class>
  <method>endKeyword</method>
  <thread>1</thread>
  <message>End action : delay(2)</message>
  <nestedLevel>1</nestedLevel>
</record>
<record>
  <date>2019-03-27T09:42:44</date>
  <millis>1553690564179</millis>
  <sequence>220</sequence>
  <level>START</level>
  <class>com.kms.katalon.core.logging.XmlKeywordLogger</class>
  <method>startKeyword</method>
  <thread>1</thread>
  <message>Start action : waitForElementPresent(findTestObject(\&amp;quot;Regression BackOffice/CLNK-10235/ScheduleAssessmentCode\&amp;quot;), 100)</message>
  <nestedLevel>1</nestedLevel>
  <property name="startLine">54</property>
  <property name="stepIndex">19</property>
</record>
<record>
  <date>2019-03-27T09:42:44</date>
  <millis>1553690564232</millis>
  <sequence>226</sequence>
  <level>PASSED</level>
  <class>com.kms.katalon.core.logging.XmlKeywordLogger</class>
  <method>logMessage</method>
  <thread>1</thread>
  <message>Object &amp;apos;Object Repository/Regression BackOffice/CLNK-10235/ScheduleAssessmentCode&amp;apos; is present</message>
  <nestedLevel>1</nestedLevel>
</record>
<record>
  <date>2019-03-27T09:42:44</date>
  <millis>1553690564234</millis>
  <sequence>227</sequence>
  <level>END</level>
  <class>com.kms.katalon.core.logging.XmlKeywordLogger</class>
  <method>endKeyword</method>
  <thread>1</thread>
  <message>End action : waitForElementPresent(findTestObject(\&amp;quot;Regression BackOffice/CLNK-10235/ScheduleAssessmentCode\&amp;quot;), 100)</message>
  <nestedLevel>1</nestedLevel>
</record>
<record>
  <date>2019-03-27T09:42:44</date>
  <millis>1553690564235</millis>
  <sequence>228</sequence>
  <level>START</level>
  <class>com.kms.katalon.core.logging.XmlKeywordLogger</class>
  <method>startKeyword</method>
  <thread>1</thread>
  <message>Start action : click(findTestObject(\&amp;quot;Regression BackOffice/CLNK-10235/ScheduleAssessmentCode\&amp;quot;))</message>
  <nestedLevel>1</nestedLevel>
  <property name="startLine">56</property>
  <property name="stepIndex">20</property>
</record>
<record>
  <date>2019-03-27T09:42:44</date>
  <millis>1553690564534</millis>
  <sequence>235</sequence>
  <level>PASSED</level>
  <class>com.kms.katalon.core.logging.XmlKeywordLogger</class>
  <method>logMessage</method>
  <thread>1</thread>
  <message>Object: &amp;apos;Object Repository/Regression BackOffice/CLNK-10235/ScheduleAssessmentCode&amp;apos; is clicked on</message>
  <nestedLevel>1</nestedLevel>
</record>
<record>
  <date>2019-03-27T09:42:44</date>
  <millis>1553690564535</millis>
  <sequence>236</sequence>
  <level>END</level>
  <class>com.kms.katalon.core.logging.XmlKeywordLogger</class>
  <method>endKeyword</method>
  <thread>1</thread>
  <message>End action : click(findTestObject(\&amp;quot;Regression BackOffice/CLNK-10235/ScheduleAssessmentCode\&amp;quot;))</message>
  <nestedLevel>1</nestedLevel>
</record>
<record>
  <date>2019-03-27T09:42:44</date>
  <millis>1553690564536</millis>
  <sequence>237</sequence>
  <level>START</level>
  <class>com.kms.katalon.core.logging.XmlKeywordLogger</class>
  <method>startKeyword</method>
  <thread>1</thread>
  <message>Start action : delay(2)</message>
  <nestedLevel>1</nestedLevel>
  <property name="startLine">58</property>
  <property name="stepIndex">21</property>
</record>
<record>
  <date>2019-03-27T09:42:46</date>
  <millis>1553690566542</millis>
  <sequence>239</sequence>
  <level>PASSED</level>
  <class>com.kms.katalon.core.logging.XmlKeywordLogger</class>
  <method>logMessage</method>
  <thread>1</thread>
  <message>Delayed 2 second(s)</message>
  <nestedLevel>1</nestedLevel>
</record>
<record>
  <date>2019-03-27T09:42:46</date>
  <millis>1553690566544</millis>
  <sequence>240</sequence>
  <level>END</level>
  <class>com.kms.katalon.core.logging.XmlKeywordLogger</class>
  <method>endKeyword</method>
  <thread>1</thread>
  <message>End action : delay(2)</message>
  <nestedLevel>1</nestedLevel>
</record>
<record>
  <date>2019-03-27T09:42:46</date>
  <millis>1553690566544</millis>
  <sequence>241</sequence>
  <level>START</level>
  <class>com.kms.katalon.core.logging.XmlKeywordLogger</class>
  <method>startKeyword</method>
  <thread>1</thread>
  <message>Start action : waitForElementPresent(findTestObject(\&amp;quot;Regression BackOffice/CLNK-10235/ServiceTypeList\&amp;quot;), 100)</message>
  <nestedLevel>1</nestedLevel>
  <property name="startLine">60</property>
  <property name="stepIndex">22</property>
</record>
<record>
  <date>2019-03-27T09:42:46</date>
  <millis>1553690566596</millis>
  <sequence>247</sequence>
  <level>PASSED</level>
  <class>com.kms.katalon.core.logging.XmlKeywordLogger</class>
  <method>logMessage</method>
  <thread>1</thread>
  <message>Object &amp;apos;Object Repository/Regression BackOffice/CLNK-10235/ServiceTypeList&amp;apos; is present</message>
  <nestedLevel>1</nestedLevel>
</record>
<record>
  <date>2019-03-27T09:42:46</date>
  <millis>1553690566597</millis>
  <sequence>248</sequence>
  <level>END</level>
  <class>com.kms.katalon.core.logging.XmlKeywordLogger</class>
  <method>endKeyword</method>
  <thread>1</thread>
  <message>End action : waitForElementPresent(findTestObject(\&amp;quot;Regression BackOffice/CLNK-10235/ServiceTypeList\&amp;quot;), 100)</message>
  <nestedLevel>1</nestedLevel>
</record>
<record>
  <date>2019-03-27T09:42:46</date>
  <millis>1553690566598</millis>
  <sequence>249</sequence>
  <level>START</level>
  <class>com.kms.katalon.core.logging.XmlKeywordLogger</class>
  <method>startKeyword</method>
  <thread>1</thread>
  <message>Start action : click(findTestObject(\&amp;quot;Regression BackOffice/CLNK-10235/ServiceTypeList\&amp;quot;))</message>
  <nestedLevel>1</nestedLevel>
  <property name="startLine">62</property>
  <property name="stepIndex">23</property>
</record>
<record>
  <date>2019-03-27T09:42:46</date>
  <millis>1553690566909</millis>
  <sequence>256</sequence>
  <level>PASSED</level>
  <class>com.kms.katalon.core.logging.XmlKeywordLogger</class>
  <method>logMessage</method>
  <thread>1</thread>
  <message>Object: &amp;apos;Object Repository/Regression BackOffice/CLNK-10235/ServiceTypeList&amp;apos; is clicked on</message>
  <nestedLevel>1</nestedLevel>
</record>
<record>
  <date>2019-03-27T09:42:46</date>
  <millis>1553690566910</millis>
  <sequence>257</sequence>
  <level>END</level>
  <class>com.kms.katalon.core.logging.XmlKeywordLogger</class>
  <method>endKeyword</method>
  <thread>1</thread>
  <message>End action : click(findTestObject(\&amp;quot;Regression BackOffice/CLNK-10235/ServiceTypeList\&amp;quot;))</message>
  <nestedLevel>1</nestedLevel>
</record>
<record>
  <date>2019-03-27T09:42:46</date>
  <millis>1553690566911</millis>
  <sequence>258</sequence>
  <level>START</level>
  <class>com.kms.katalon.core.logging.XmlKeywordLogger</class>
  <method>startKeyword</method>
  <thread>1</thread>
  <message>Start action : sendKeys(findTestObject(\&amp;quot;Regression BackOffice/CLNK-10235/ServiceTypeList\&amp;quot;), Keys.chord(ARROW_DOWN, ENTER))</message>
  <nestedLevel>1</nestedLevel>
  <property name="startLine">64</property>
  <property name="stepIndex">24</property>
</record>
<record>
  <date>2019-03-27T09:42:47</date>
  <millis>1553690567243</millis>
  <sequence>264</sequence>
  <level>PASSED</level>
  <class>com.kms.katalon.core.logging.XmlKeywordLogger</class>
  <method>logMessage</method>
  <thread>1</thread>
  <message>Keys &amp;apos;DOWN + ENTER + &amp;apos; sent to object: &amp;apos;Object Repository/Regression BackOffice/CLNK-10235/ServiceTypeList&amp;apos;</message>
  <nestedLevel>1</nestedLevel>
</record>
<record>
  <date>2019-03-27T09:42:47</date>
  <millis>1553690567244</millis>
  <sequence>265</sequence>
  <level>END</level>
  <class>com.kms.katalon.core.logging.XmlKeywordLogger</class>
  <method>endKeyword</method>
  <thread>1</thread>
  <message>End action : sendKeys(findTestObject(\&amp;quot;Regression BackOffice/CLNK-10235/ServiceTypeList\&amp;quot;), Keys.chord(ARROW_DOWN, ENTER))</message>
  <nestedLevel>1</nestedLevel>
</record>
<record>
  <date>2019-03-27T09:42:47</date>
  <millis>1553690567245</millis>
  <sequence>266</sequence>
  <level>START</level>
  <class>com.kms.katalon.core.logging.XmlKeywordLogger</class>
  <method>startKeyword</method>
  <thread>1</thread>
  <message>Start action : delay(2)</message>
  <nestedLevel>1</nestedLevel>
  <property name="startLine">66</property>
  <property name="stepIndex">25</property>
</record>
<record>
  <date>2019-03-27T09:42:49</date>
  <millis>1553690569251</millis>
  <sequence>268</sequence>
  <level>PASSED</level>
  <class>com.kms.katalon.core.logging.XmlKeywordLogger</class>
  <method>logMessage</method>
  <thread>1</thread>
  <message>Delayed 2 second(s)</message>
  <nestedLevel>1</nestedLevel>
</record>
<record>
  <date>2019-03-27T09:42:49</date>
  <millis>1553690569252</millis>
  <sequence>269</sequence>
  <level>END</level>
  <class>com.kms.katalon.core.logging.XmlKeywordLogger</class>
  <method>endKeyword</method>
  <thread>1</thread>
  <message>End action : delay(2)</message>
  <nestedLevel>1</nestedLevel>
</record>
<record>
  <date>2019-03-27T09:42:49</date>
  <millis>1553690569252</millis>
  <sequence>270</sequence>
  <level>START</level>
  <class>com.kms.katalon.core.logging.XmlKeywordLogger</class>
  <method>startKeyword</method>
  <thread>1</thread>
  <message>Start action : scrollToElement(findTestObject(\&amp;quot;Regression BackOffice/CLNK-10235/StartTime\&amp;quot;), 10)</message>
  <nestedLevel>1</nestedLevel>
  <property name="startLine">68</property>
  <property name="stepIndex">26</property>
</record>
<record>
  <date>2019-03-27T09:42:49</date>
  <millis>1553690569363</millis>
  <sequence>278</sequence>
  <level>PASSED</level>
  <class>com.kms.katalon.core.logging.XmlKeywordLogger</class>
  <method>logMessage</method>
  <thread>1</thread>
  <message>Scroll to object &amp;apos;Object Repository/Regression BackOffice/CLNK-10235/StartTime&amp;apos; successfully</message>
  <nestedLevel>1</nestedLevel>
</record>
<record>
  <date>2019-03-27T09:42:49</date>
  <millis>1553690569364</millis>
  <sequence>279</sequence>
  <level>END</level>
  <class>com.kms.katalon.core.logging.XmlKeywordLogger</class>
  <method>endKeyword</method>
  <thread>1</thread>
  <message>End action : scrollToElement(findTestObject(\&amp;quot;Regression BackOffice/CLNK-10235/StartTime\&amp;quot;), 10)</message>
  <nestedLevel>1</nestedLevel>
</record>
<record>
  <date>2019-03-27T09:42:49</date>
  <millis>1553690569365</millis>
  <sequence>280</sequence>
  <level>START</level>
  <class>com.kms.katalon.core.logging.XmlKeywordLogger</class>
  <method>startKeyword</method>
  <thread>1</thread>
  <message>Start action : waitForElementPresent(findTestObject(\&amp;quot;Regression BackOffice/CLNK-10235/StartTime\&amp;quot;), 100)</message>
  <nestedLevel>1</nestedLevel>
  <property name="startLine">70</property>
  <property name="stepIndex">27</property>
</record>
<record>
  <date>2019-03-27T09:42:49</date>
  <millis>1553690569407</millis>
  <sequence>286</sequence>
  <level>PASSED</level>
  <class>com.kms.katalon.core.logging.XmlKeywordLogger</class>
  <method>logMessage</method>
  <thread>1</thread>
  <message>Object &amp;apos;Object Repository/Regression BackOffice/CLNK-10235/StartTime&amp;apos; is present</message>
  <nestedLevel>1</nestedLevel>
</record>
<record>
  <date>2019-03-27T09:42:49</date>
  <millis>1553690569409</millis>
  <sequence>287</sequence>
  <level>END</level>
  <class>com.kms.katalon.core.logging.XmlKeywordLogger</class>
  <method>endKeyword</method>
  <thread>1</thread>
  <message>End action : waitForElementPresent(findTestObject(\&amp;quot;Regression BackOffice/CLNK-10235/StartTime\&amp;quot;), 100)</message>
  <nestedLevel>1</nestedLevel>
</record>
<record>
  <date>2019-03-27T09:42:49</date>
  <millis>1553690569409</millis>
  <sequence>288</sequence>
  <level>START</level>
  <class>com.kms.katalon.core.logging.XmlKeywordLogger</class>
  <method>startKeyword</method>
  <thread>1</thread>
  <message>Start action : click(findTestObject(\&amp;quot;Regression BackOffice/CLNK-10235/StartTime\&amp;quot;))</message>
  <nestedLevel>1</nestedLevel>
  <property name="startLine">72</property>
  <property name="stepIndex">28</property>
</record>
<record>
  <date>2019-03-27T09:42:49</date>
  <millis>1553690569679</millis>
  <sequence>295</sequence>
  <level>PASSED</level>
  <class>com.kms.katalon.core.logging.XmlKeywordLogger</class>
  <method>logMessage</method>
  <thread>1</thread>
  <message>Object: &amp;apos;Object Repository/Regression BackOffice/CLNK-10235/StartTime&amp;apos; is clicked on</message>
  <nestedLevel>1</nestedLevel>
</record>
<record>
  <date>2019-03-27T09:42:49</date>
  <millis>1553690569680</millis>
  <sequence>296</sequence>
  <level>END</level>
  <class>com.kms.katalon.core.logging.XmlKeywordLogger</class>
  <method>endKeyword</method>
  <thread>1</thread>
  <message>End action : click(findTestObject(\&amp;quot;Regression BackOffice/CLNK-10235/StartTime\&amp;quot;))</message>
  <nestedLevel>1</nestedLevel>
</record>
<record>
  <date>2019-03-27T09:42:49</date>
  <millis>1553690569681</millis>
  <sequence>297</sequence>
  <level>START</level>
  <class>com.kms.katalon.core.logging.XmlKeywordLogger</class>
  <method>startKeyword</method>
  <thread>1</thread>
  <message>Start action : sendKeys(findTestObject(\&amp;quot;Regression BackOffice/CLNK-10235/StartTime\&amp;quot;), \&amp;quot;1126\&amp;quot;)</message>
  <nestedLevel>1</nestedLevel>
  <property name="startLine">74</property>
  <property name="stepIndex">29</property>
</record>
<record>
  <date>2019-03-27T09:42:49</date>
  <millis>1553690569926</millis>
  <sequence>303</sequence>
  <level>PASSED</level>
  <class>com.kms.katalon.core.logging.XmlKeywordLogger</class>
  <method>logMessage</method>
  <thread>1</thread>
  <message>Keys &amp;apos;1126&amp;apos; sent to object: &amp;apos;Object Repository/Regression BackOffice/CLNK-10235/StartTime&amp;apos;</message>
  <nestedLevel>1</nestedLevel>
</record>
<record>
  <date>2019-03-27T09:42:49</date>
  <millis>1553690569928</millis>
  <sequence>304</sequence>
  <level>END</level>
  <class>com.kms.katalon.core.logging.XmlKeywordLogger</class>
  <method>endKeyword</method>
  <thread>1</thread>
  <message>End action : sendKeys(findTestObject(\&amp;quot;Regression BackOffice/CLNK-10235/StartTime\&amp;quot;), \&amp;quot;1126\&amp;quot;)</message>
  <nestedLevel>1</nestedLevel>
</record>
<record>
  <date>2019-03-27T09:42:49</date>
  <millis>1553690569928</millis>
  <sequence>305</sequence>
  <level>START</level>
  <class>com.kms.katalon.core.logging.XmlKeywordLogger</class>
  <method>startKeyword</method>
  <thread>1</thread>
  <message>Start action : delay(2)</message>
  <nestedLevel>1</nestedLevel>
  <property name="startLine">76</property>
  <property name="stepIndex">30</property>
</record>
<record>
  <date>2019-03-27T09:42:51</date>
  <millis>1553690571932</millis>
  <sequence>307</sequence>
  <level>PASSED</level>
  <class>com.kms.katalon.core.logging.XmlKeywordLogger</class>
  <method>logMessage</method>
  <thread>1</thread>
  <message>Delayed 2 second(s)</message>
  <nestedLevel>1</nestedLevel>
</record>
<record>
  <date>2019-03-27T09:42:51</date>
  <millis>1553690571933</millis>
  <sequence>308</sequence>
  <level>END</level>
  <class>com.kms.katalon.core.logging.XmlKeywordLogger</class>
  <method>endKeyword</method>
  <thread>1</thread>
  <message>End action : delay(2)</message>
  <nestedLevel>1</nestedLevel>
</record>
<record>
  <date>2019-03-27T09:42:51</date>
  <millis>1553690571933</millis>
  <sequence>309</sequence>
  <level>START</level>
  <class>com.kms.katalon.core.logging.XmlKeywordLogger</class>
  <method>startKeyword</method>
  <thread>1</thread>
  <message>Start action : waitForElementPresent(findTestObject(\&amp;quot;Regression BackOffice/CLNK-10235/EndTime\&amp;quot;), 100)</message>
  <nestedLevel>1</nestedLevel>
  <property name="startLine">78</property>
  <property name="stepIndex">31</property>
</record>
<record>
  <date>2019-03-27T09:42:51</date>
  <millis>1553690571998</millis>
  <sequence>315</sequence>
  <level>PASSED</level>
  <class>com.kms.katalon.core.logging.XmlKeywordLogger</class>
  <method>logMessage</method>
  <thread>1</thread>
  <message>Object &amp;apos;Object Repository/Regression BackOffice/CLNK-10235/EndTime&amp;apos; is present</message>
  <nestedLevel>1</nestedLevel>
</record>
<record>
  <date>2019-03-27T09:42:51</date>
  <millis>1553690571999</millis>
  <sequence>316</sequence>
  <level>END</level>
  <class>com.kms.katalon.core.logging.XmlKeywordLogger</class>
  <method>endKeyword</method>
  <thread>1</thread>
  <message>End action : waitForElementPresent(findTestObject(\&amp;quot;Regression BackOffice/CLNK-10235/EndTime\&amp;quot;), 100)</message>
  <nestedLevel>1</nestedLevel>
</record>
<record>
  <date>2019-03-27T09:42:51</date>
  <millis>1553690571999</millis>
  <sequence>317</sequence>
  <level>START</level>
  <class>com.kms.katalon.core.logging.XmlKeywordLogger</class>
  <method>startKeyword</method>
  <thread>1</thread>
  <message>Start action : click(findTestObject(\&amp;quot;Regression BackOffice/CLNK-10235/EndTime\&amp;quot;))</message>
  <nestedLevel>1</nestedLevel>
  <property name="startLine">80</property>
  <property name="stepIndex">32</property>
</record>
<record>
  <date>2019-03-27T09:42:52</date>
  <millis>1553690572327</millis>
  <sequence>324</sequence>
  <level>PASSED</level>
  <class>com.kms.katalon.core.logging.XmlKeywordLogger</class>
  <method>logMessage</method>
  <thread>1</thread>
  <message>Object: &amp;apos;Object Repository/Regression BackOffice/CLNK-10235/EndTime&amp;apos; is clicked on</message>
  <nestedLevel>1</nestedLevel>
</record>
<record>
  <date>2019-03-27T09:42:52</date>
  <millis>1553690572329</millis>
  <sequence>325</sequence>
  <level>END</level>
  <class>com.kms.katalon.core.logging.XmlKeywordLogger</class>
  <method>endKeyword</method>
  <thread>1</thread>
  <message>End action : click(findTestObject(\&amp;quot;Regression BackOffice/CLNK-10235/EndTime\&amp;quot;))</message>
  <nestedLevel>1</nestedLevel>
</record>
<record>
  <date>2019-03-27T09:42:52</date>
  <millis>1553690572329</millis>
  <sequence>326</sequence>
  <level>START</level>
  <class>com.kms.katalon.core.logging.XmlKeywordLogger</class>
  <method>startKeyword</method>
  <thread>1</thread>
  <message>Start action : sendKeys(findTestObject(\&amp;quot;Regression BackOffice/CLNK-10235/EndTime\&amp;quot;), \&amp;quot;1136\&amp;quot;)</message>
  <nestedLevel>1</nestedLevel>
  <property name="startLine">82</property>
  <property name="stepIndex">33</property>
</record>
<record>
  <date>2019-03-27T09:42:52</date>
  <millis>1553690572614</millis>
  <sequence>332</sequence>
  <level>PASSED</level>
  <class>com.kms.katalon.core.logging.XmlKeywordLogger</class>
  <method>logMessage</method>
  <thread>1</thread>
  <message>Keys &amp;apos;1136&amp;apos; sent to object: &amp;apos;Object Repository/Regression BackOffice/CLNK-10235/EndTime&amp;apos;</message>
  <nestedLevel>1</nestedLevel>
</record>
<record>
  <date>2019-03-27T09:42:52</date>
  <millis>1553690572615</millis>
  <sequence>333</sequence>
  <level>END</level>
  <class>com.kms.katalon.core.logging.XmlKeywordLogger</class>
  <method>endKeyword</method>
  <thread>1</thread>
  <message>End action : sendKeys(findTestObject(\&amp;quot;Regression BackOffice/CLNK-10235/EndTime\&amp;quot;), \&amp;quot;1136\&amp;quot;)</message>
  <nestedLevel>1</nestedLevel>
</record>
<record>
  <date>2019-03-27T09:42:52</date>
  <millis>1553690572616</millis>
  <sequence>334</sequence>
  <level>START</level>
  <class>com.kms.katalon.core.logging.XmlKeywordLogger</class>
  <method>startKeyword</method>
  <thread>1</thread>
  <message>Start action : delay(2)</message>
  <nestedLevel>1</nestedLevel>
  <property name="startLine">84</property>
  <property name="stepIndex">34</property>
</record>
<record>
  <date>2019-03-27T09:42:54</date>
  <millis>1553690574620</millis>
  <sequence>336</sequence>
  <level>PASSED</level>
  <class>com.kms.katalon.core.logging.XmlKeywordLogger</class>
  <method>logMessage</method>
  <thread>1</thread>
  <message>Delayed 2 second(s)</message>
  <nestedLevel>1</nestedLevel>
</record>
<record>
  <date>2019-03-27T09:42:54</date>
  <millis>1553690574621</millis>
  <sequence>337</sequence>
  <level>END</level>
  <class>com.kms.katalon.core.logging.XmlKeywordLogger</class>
  <method>endKeyword</method>
  <thread>1</thread>
  <message>End action : delay(2)</message>
  <nestedLevel>1</nestedLevel>
</record>
<record>
  <date>2019-03-27T09:42:54</date>
  <millis>1553690574621</millis>
  <sequence>338</sequence>
  <level>START</level>
  <class>com.kms.katalon.core.logging.XmlKeywordLogger</class>
  <method>startKeyword</method>
  <thread>1</thread>
  <message>Start action : scrollToElement(findTestObject(\&amp;quot;Regression BackOffice/CLNK-10235/CaregiverName\&amp;quot;), 10)</message>
  <nestedLevel>1</nestedLevel>
  <property name="startLine">86</property>
  <property name="stepIndex">35</property>
</record>
<record>
  <date>2019-03-27T09:42:54</date>
  <millis>1553690574685</millis>
  <sequence>346</sequence>
  <level>PASSED</level>
  <class>com.kms.katalon.core.logging.XmlKeywordLogger</class>
  <method>logMessage</method>
  <thread>1</thread>
  <message>Scroll to object &amp;apos;Object Repository/Regression BackOffice/CLNK-10235/CaregiverName&amp;apos; successfully</message>
  <nestedLevel>1</nestedLevel>
</record>
<record>
  <date>2019-03-27T09:42:54</date>
  <millis>1553690574686</millis>
  <sequence>347</sequence>
  <level>END</level>
  <class>com.kms.katalon.core.logging.XmlKeywordLogger</class>
  <method>endKeyword</method>
  <thread>1</thread>
  <message>End action : scrollToElement(findTestObject(\&amp;quot;Regression BackOffice/CLNK-10235/CaregiverName\&amp;quot;), 10)</message>
  <nestedLevel>1</nestedLevel>
</record>
<record>
  <date>2019-03-27T09:42:54</date>
  <millis>1553690574687</millis>
  <sequence>348</sequence>
  <level>START</level>
  <class>com.kms.katalon.core.logging.XmlKeywordLogger</class>
  <method>startKeyword</method>
  <thread>1</thread>
  <message>Start action : waitForElementPresent(findTestObject(\&amp;quot;Regression BackOffice/CLNK-10235/CaregiverName\&amp;quot;), 100)</message>
  <nestedLevel>1</nestedLevel>
  <property name="startLine">88</property>
  <property name="stepIndex">36</property>
</record>
<record>
  <date>2019-03-27T09:42:54</date>
  <millis>1553690574725</millis>
  <sequence>354</sequence>
  <level>PASSED</level>
  <class>com.kms.katalon.core.logging.XmlKeywordLogger</class>
  <method>logMessage</method>
  <thread>1</thread>
  <message>Object &amp;apos;Object Repository/Regression BackOffice/CLNK-10235/CaregiverName&amp;apos; is present</message>
  <nestedLevel>1</nestedLevel>
</record>
<record>
  <date>2019-03-27T09:42:54</date>
  <millis>1553690574726</millis>
  <sequence>355</sequence>
  <level>END</level>
  <class>com.kms.katalon.core.logging.XmlKeywordLogger</class>
  <method>endKeyword</method>
  <thread>1</thread>
  <message>End action : waitForElementPresent(findTestObject(\&amp;quot;Regression BackOffice/CLNK-10235/CaregiverName\&amp;quot;), 100)</message>
  <nestedLevel>1</nestedLevel>
</record>
<record>
  <date>2019-03-27T09:42:54</date>
  <millis>1553690574726</millis>
  <sequence>356</sequence>
  <level>START</level>
  <class>com.kms.katalon.core.logging.XmlKeywordLogger</class>
  <method>startKeyword</method>
  <thread>1</thread>
  <message>Start action : setText(findTestObject(\&amp;quot;Regression BackOffice/CLNK-10235/CaregiverName\&amp;quot;), \&amp;quot;Dimitra, Natasha\&amp;quot;)</message>
  <nestedLevel>1</nestedLevel>
  <property name="startLine">90</property>
  <property name="stepIndex">37</property>
</record>
<record>
  <date>2019-03-27T09:42:55</date>
  <millis>1553690575304</millis>
  <sequence>368</sequence>
  <level>PASSED</level>
  <class>com.kms.katalon.core.logging.XmlKeywordLogger</class>
  <method>logMessage</method>
  <thread>1</thread>
  <message>Text &amp;apos;Dimitra, Natasha&amp;apos; is set on object &amp;apos;Object Repository/Regression BackOffice/CLNK-10235/CaregiverName&amp;apos;</message>
  <nestedLevel>1</nestedLevel>
</record>
<record>
  <date>2019-03-27T09:42:55</date>
  <millis>1553690575305</millis>
  <sequence>369</sequence>
  <level>END</level>
  <class>com.kms.katalon.core.logging.XmlKeywordLogger</class>
  <method>endKeyword</method>
  <thread>1</thread>
  <message>End action : setText(findTestObject(\&amp;quot;Regression BackOffice/CLNK-10235/CaregiverName\&amp;quot;), \&amp;quot;Dimitra, Natasha\&amp;quot;)</message>
  <nestedLevel>1</nestedLevel>
</record>
<record>
  <date>2019-03-27T09:42:55</date>
  <millis>1553690575305</millis>
  <sequence>370</sequence>
  <level>START</level>
  <class>com.kms.katalon.core.logging.XmlKeywordLogger</class>
  <method>startKeyword</method>
  <thread>1</thread>
  <message>Start action : delay(2)</message>
  <nestedLevel>1</nestedLevel>
  <property name="startLine">92</property>
  <property name="stepIndex">38</property>
</record>
<record>
  <date>2019-03-27T09:42:57</date>
  <millis>1553690577310</millis>
  <sequence>372</sequence>
  <level>PASSED</level>
  <class>com.kms.katalon.core.logging.XmlKeywordLogger</class>
  <method>logMessage</method>
  <thread>1</thread>
  <message>Delayed 2 second(s)</message>
  <nestedLevel>1</nestedLevel>
</record>
<record>
  <date>2019-03-27T09:42:57</date>
  <millis>1553690577311</millis>
  <sequence>373</sequence>
  <level>END</level>
  <class>com.kms.katalon.core.logging.XmlKeywordLogger</class>
  <method>endKeyword</method>
  <thread>1</thread>
  <message>End action : delay(2)</message>
  <nestedLevel>1</nestedLevel>
</record>
<record>
  <date>2019-03-27T09:42:57</date>
  <millis>1553690577312</millis>
  <sequence>374</sequence>
  <level>START</level>
  <class>com.kms.katalon.core.logging.XmlKeywordLogger</class>
  <method>startKeyword</method>
  <thread>1</thread>
  <message>Start action : click(findTestObject(\&amp;quot;Regression BackOffice/CLNK-10235/CaregiverName\&amp;quot;))</message>
  <nestedLevel>1</nestedLevel>
  <property name="startLine">94</property>
  <property name="stepIndex">39</property>
</record>
<record>
  <date>2019-03-27T09:42:57</date>
  <millis>1553690577590</millis>
  <sequence>381</sequence>
  <level>PASSED</level>
  <class>com.kms.katalon.core.logging.XmlKeywordLogger</class>
  <method>logMessage</method>
  <thread>1</thread>
  <message>Object: &amp;apos;Object Repository/Regression BackOffice/CLNK-10235/CaregiverName&amp;apos; is clicked on</message>
  <nestedLevel>1</nestedLevel>
</record>
<record>
  <date>2019-03-27T09:42:57</date>
  <millis>1553690577591</millis>
  <sequence>382</sequence>
  <level>END</level>
  <class>com.kms.katalon.core.logging.XmlKeywordLogger</class>
  <method>endKeyword</method>
  <thread>1</thread>
  <message>End action : click(findTestObject(\&amp;quot;Regression BackOffice/CLNK-10235/CaregiverName\&amp;quot;))</message>
  <nestedLevel>1</nestedLevel>
</record>
<record>
  <date>2019-03-27T09:42:57</date>
  <millis>1553690577592</millis>
  <sequence>383</sequence>
  <level>START</level>
  <class>com.kms.katalon.core.logging.XmlKeywordLogger</class>
  <method>startKeyword</method>
  <thread>1</thread>
  <message>Start action : sendKeys(findTestObject(\&amp;quot;Regression BackOffice/CLNK-10235/CaregiverName\&amp;quot;), Keys.chord(ARROW_DOWN, ENTER))</message>
  <nestedLevel>1</nestedLevel>
  <property name="startLine">96</property>
  <property name="stepIndex">40</property>
</record>
<record>
  <date>2019-03-27T09:42:57</date>
  <millis>1553690577731</millis>
  <sequence>389</sequence>
  <level>PASSED</level>
  <class>com.kms.katalon.core.logging.XmlKeywordLogger</class>
  <method>logMessage</method>
  <thread>1</thread>
  <message>Keys &amp;apos;DOWN + ENTER + &amp;apos; sent to object: &amp;apos;Object Repository/Regression BackOffice/CLNK-10235/CaregiverName&amp;apos;</message>
  <nestedLevel>1</nestedLevel>
</record>
<record>
  <date>2019-03-27T09:42:57</date>
  <millis>1553690577734</millis>
  <sequence>390</sequence>
  <level>END</level>
  <class>com.kms.katalon.core.logging.XmlKeywordLogger</class>
  <method>endKeyword</method>
  <thread>1</thread>
  <message>End action : sendKeys(findTestObject(\&amp;quot;Regression BackOffice/CLNK-10235/CaregiverName\&amp;quot;), Keys.chord(ARROW_DOWN, ENTER))</message>
  <nestedLevel>1</nestedLevel>
</record>
<record>
  <date>2019-03-27T09:42:57</date>
  <millis>1553690577734</millis>
  <sequence>391</sequence>
  <level>START</level>
  <class>com.kms.katalon.core.logging.XmlKeywordLogger</class>
  <method>startKeyword</method>
  <thread>1</thread>
  <message>Start action : switchToDefaultContent()</message>
  <nestedLevel>1</nestedLevel>
  <property name="startLine">98</property>
  <property name="stepIndex">41</property>
</record>
<record>
  <date>2019-03-27T09:42:57</date>
  <millis>1553690577776</millis>
  <sequence>393</sequence>
  <level>END</level>
  <class>com.kms.katalon.core.logging.XmlKeywordLogger</class>
  <method>endKeyword</method>
  <thread>1</thread>
  <message>End action : switchToDefaultContent()</message>
  <nestedLevel>1</nestedLevel>
</record>
<record>
  <date>2019-03-27T09:42:57</date>
  <millis>1553690577777</millis>
  <sequence>394</sequence>
  <level>START</level>
  <class>com.kms.katalon.core.logging.XmlKeywordLogger</class>
  <method>startKeyword</method>
  <thread>1</thread>
  <message>Start action : switchToFrame(findTestObject(\&amp;quot;Regression BackOffice/CLINK-17788/BannerFrame\&amp;quot;), 30)</message>
  <nestedLevel>1</nestedLevel>
  <property name="startLine">100</property>
  <property name="stepIndex">42</property>
</record>
<record>
  <date>2019-03-27T09:42:57</date>
  <millis>1553690577879</millis>
  <sequence>401</sequence>
  <level>END</level>
  <class>com.kms.katalon.core.logging.XmlKeywordLogger</class>
  <method>endKeyword</method>
  <thread>1</thread>
  <message>End action : switchToFrame(findTestObject(\&amp;quot;Regression BackOffice/CLINK-17788/BannerFrame\&amp;quot;), 30)</message>
  <nestedLevel>1</nestedLevel>
</record>
<record>
  <date>2019-03-27T09:42:57</date>
  <millis>1553690577880</millis>
  <sequence>402</sequence>
  <level>START</level>
  <class>com.kms.katalon.core.logging.XmlKeywordLogger</class>
  <method>startKeyword</method>
  <thread>1</thread>
  <message>Start action : waitForElementPresent(findTestObject(\&amp;quot;Regression BackOffice/CLNK-10235/SaveButton\&amp;quot;), 50)</message>
  <nestedLevel>1</nestedLevel>
  <property name="startLine">102</property>
  <property name="stepIndex">43</property>
</record>
<record>
  <date>2019-03-27T09:42:57</date>
  <millis>1553690577938</millis>
  <sequence>408</sequence>
  <level>PASSED</level>
  <class>com.kms.katalon.core.logging.XmlKeywordLogger</class>
  <method>logMessage</method>
  <thread>1</thread>
  <message>Object &amp;apos;Object Repository/Regression BackOffice/CLNK-10235/SaveButton&amp;apos; is present</message>
  <nestedLevel>1</nestedLevel>
</record>
<record>
  <date>2019-03-27T09:42:57</date>
  <millis>1553690577939</millis>
  <sequence>409</sequence>
  <level>END</level>
  <class>com.kms.katalon.core.logging.XmlKeywordLogger</class>
  <method>endKeyword</method>
  <thread>1</thread>
  <message>End action : waitForElementPresent(findTestObject(\&amp;quot;Regression BackOffice/CLNK-10235/SaveButton\&amp;quot;), 50)</message>
  <nestedLevel>1</nestedLevel>
</record>
<record>
  <date>2019-03-27T09:42:57</date>
  <millis>1553690577939</millis>
  <sequence>410</sequence>
  <level>START</level>
  <class>com.kms.katalon.core.logging.XmlKeywordLogger</class>
  <method>startKeyword</method>
  <thread>1</thread>
  <message>Start action : click(findTestObject(\&amp;quot;Regression BackOffice/CLNK-10235/SaveButton\&amp;quot;), STOP_ON_FAILURE)</message>
  <nestedLevel>1</nestedLevel>
  <property name="startLine">104</property>
  <property name="stepIndex">44</property>
</record>
<record>
  <date>2019-03-27T09:42:58</date>
  <millis>1553690578276</millis>
  <sequence>417</sequence>
  <level>PASSED</level>
  <class>com.kms.katalon.core.logging.XmlKeywordLogger</class>
  <method>logMessage</method>
  <thread>1</thread>
  <message>Object: &amp;apos;Object Repository/Regression BackOffice/CLNK-10235/SaveButton&amp;apos; is clicked on</message>
  <nestedLevel>1</nestedLevel>
</record>
<record>
  <date>2019-03-27T09:42:58</date>
  <millis>1553690578277</millis>
  <sequence>418</sequence>
  <level>END</level>
  <class>com.kms.katalon.core.logging.XmlKeywordLogger</class>
  <method>endKeyword</method>
  <thread>1</thread>
  <message>End action : click(findTestObject(\&amp;quot;Regression BackOffice/CLNK-10235/SaveButton\&amp;quot;), STOP_ON_FAILURE)</message>
  <nestedLevel>1</nestedLevel>
</record>
<record>
  <date>2019-03-27T09:42:58</date>
  <millis>1553690578278</millis>
  <sequence>419</sequence>
  <level>START</level>
  <class>com.kms.katalon.core.logging.XmlKeywordLogger</class>
  <method>startKeyword</method>
  <thread>1</thread>
  <message>Start action : delay(2)</message>
  <nestedLevel>1</nestedLevel>
  <property name="startLine">106</property>
  <property name="stepIndex">45</property>
</record>
<record>
  <date>2019-03-27T09:43:00</date>
  <millis>1553690580285</millis>
  <sequence>421</sequence>
  <level>PASSED</level>
  <class>com.kms.katalon.core.logging.XmlKeywordLogger</class>
  <method>logMessage</method>
  <thread>1</thread>
  <message>Delayed 2 second(s)</message>
  <nestedLevel>1</nestedLevel>
</record>
<record>
  <date>2019-03-27T09:43:00</date>
  <millis>1553690580285</millis>
  <sequence>422</sequence>
  <level>END</level>
  <class>com.kms.katalon.core.logging.XmlKeywordLogger</class>
  <method>endKeyword</method>
  <thread>1</thread>
  <message>End action : delay(2)</message>
  <nestedLevel>1</nestedLevel>
</record>
<record>
  <date>2019-03-27T09:43:00</date>
  <millis>1553690580285</millis>
  <sequence>423</sequence>
  <level>PASSED</level>
  <class>com.kms.katalon.core.logging.XmlKeywordLogger</class>
  <method>logMessage</method>
  <thread>1</thread>
  <message>Test Cases/Regression BackOffice (All Browsers)/CLNK-23455 - Back office Enter Needs</message>
  <nestedLevel>1</nestedLevel>
</record>
<record>
  <date>2019-03-27T09:43:02</date>
  <millis>1553690582500</millis>
  <sequence>424</sequence>
  <level>END</level>
  <class>com.kms.katalon.core.logging.XmlKeywordLogger</class>
  <method>endTest</method>
  <thread>1</thread>
  <message>End Test Case : Test Cases/Regression BackOffice (All Browsers)/CLNK-23455 - Back office Enter Needs</message>
  <nestedLevel>0</nestedLevel>
</record>
<record>
  <date>2019-03-27T09:43:03</date>
  <millis>1553690583528</millis>
  <sequence>425</sequence>
  <level>END</level>
  <class>com.kms.katalon.core.logging.XmlKeywordLogger</class>
  <method>endSuite</method>
  <thread>1</thread>
  <message>End Test Suite : Test Suites/Regression BackOffice/Regression BackOffice</message>
  <nestedLevel>0</nestedLevel>
</record>
</log>
